
> rethinking-park-cf-worker@0.0.0 dev
> wrangler dev

Proxy environment variables detected. We'll use your proxy for fetch requests.

 ⛅️ wrangler 4.25.0
───────────────────
Your Worker has access to the following bindings:
Binding                             Resource                  Mode
env.AI                              AI                        remote
env.CACHE_TTL ("3600")              Environment Variable      local
env.MAX_FILE_SIZE ("10485760")      Environment Variable      local

❓ Your types might be out of date. Re-run `wrangler types` to ensure your types are correct.
[33m▲ [43;33m[[43;30mWARNING[43;33m][0m [1mUsing Workers AI always accesses your Cloudflare account in order to run AI models, and so will incur usage charges even in local development.[0m


⎔ Starting local server...
[wrangler:info] Ready on http://localhost:33931
⎔ Reloading local server...
⎔ Reloading local server...
⎔ Reloading local server...
⎔ Reloading local server...
[31m✘ [41;31m[[41;97mERROR[41;31m][0m [1mBuild failed with 1 error:[0m

  [31m✘ [41;31m[[41;97mERROR[41;31m][0m [1mUnexpected "export"[0m
  
      src/index.ts:424:0:
  [37m      424 │ [32mexport[37m default {
            ╵ [32m~~~~~~[0m
  
  


[31m✘ [41;31m[[41;97mERROR[41;31m][0m [1mBuild failed with 1 error:[0m

  [31m✘ [41;31m[[41;97mERROR[41;31m][0m [1mUnexpected "export"[0m
  
      src/index.ts:391:0:
  [37m      391 │ [32mexport[37m default {
            ╵ [32m~~~~~~[0m
  
  


[31m✘ [41;31m[[41;97mERROR[41;31m][0m [1mBuild failed with 1 error:[0m

  [31m✘ [41;31m[[41;97mERROR[41;31m][0m [1mUnexpected "export"[0m
  
      src/index.ts:403:0:
  [37m      403 │ [32mexport[37m default {
            ╵ [32m~~~~~~[0m
  
  


[31m✘ [41;31m[[41;97mERROR[41;31m][0m [1mBuild failed with 1 error:[0m

  [31m✘ [41;31m[[41;97mERROR[41;31m][0m [1mUnexpected "export"[0m
  
      src/index.ts:407:0:
  [37m      407 │ [32mexport[37m default {
            ╵ [32m~~~~~~[0m
  
  


[31m✘ [41;31m[[41;97mERROR[41;31m][0m [1mBuild failed with 1 error:[0m

  [31m✘ [41;31m[[41;97mERROR[41;31m][0m [1mUnexpected "export"[0m
  
      src/index.ts:406:0:
  [37m      406 │ [32mexport[37m default {
            ╵ [32m~~~~~~[0m
  
  


⎔ Reloading local server...
⎔ Reloading local server...
⎔ Reloading local server...
Your Worker has access to the following bindings:
Binding                             Resource                  Mode
env.AI                              AI                        remote
env.CACHE_TTL ("3600")              Environment Variable      local
env.MAX_FILE_SIZE ("10485760")      Environment Variable      local


[31m✘ [41;31m[[41;97mERROR[41;31m][0m [1mInvalid Routes:[0m

  api.rethinkingpark.com/*:
  Wildcard operators (*) are not allowed in Custom Domains
  Paths are not allowed in Custom Domains


🪵  Logs were written to "/home/yun/.config/.wrangler/logs/wrangler-2025-07-19_03-43-33_889.log"
server...
⎔ Reloading local server...
⎔ Reloading local server...
[31m✘ [41;31m[[41;97mERROR[41;31m][0m [1mBuild failed with 1 error:[0m

  [31m✘ [41;31m[[41;97mERROR[41;31m][0m [1mUnexpected "export"[0m
  
      src/index.ts:424:0:
  [37m      424 │ [32mexport[37m default {
            ╵ [32m~~~~~~[0m
  
  


[31m✘ [41;31m[[41;97mERROR[41;31m][0m [1mBuild failed with 1 error:[0m

  [31m✘ [41;31m[[41;97mERROR[41;31m][0m [1mUnexpected "export"[0m
  
      src/index.ts:391:0:
  [37m      391 │ [32mexport[37m default {
            ╵ [32m~~~~~~[0m
  
  


[31m✘ [41;31m[[41;97mERROR[41;31m][0m [1mBuild failed with 1 error:[0m

  [31m✘ [41;31m[[41;97mERROR[41;31m][0m [1mUnexpected "export"[0m
  
      src/index.ts:403:0:
  [37m      403 │ [32mexport[37m default {
            ╵ [32m~~~~~~[0m
  
  


[31m✘ [41;31m[[41;97mERROR[41;31m][0m [1mBuild failed with 1 error:[0m

  [31m✘ [41;31m[[41;97mERROR[41;31m][0m [1mUnexpected "export"[0m
  
      src/index.ts:407:0:
  [37m      407 │ [32mexport[37m default {
            ╵ [32m~~~~~~[0m
  
  


[31m✘ [41;31m[[41;97mERROR[41;31m][0m [1mBuild failed with 1 error:[0m

  [31m✘ [41;31m[[41;97mERROR[41;31m][0m [1mUnexpected "export"[0m
  
      src/index.ts:406:0:
  [37m      406 │ [32mexport[37m default {
            ╵ [32m~~~~~~[0m
  
  


⎔ Reloading local server...
⎔ Reloading local server...
⎔ Reloading local server...
Your Worker has access to the following bindings:
Binding                             Resource                  Mode
env.AI                              AI                        remote
env.CACHE_TTL ("3600")              Environment Variable      local
env.MAX_FILE_SIZE ("10485760")      Environment Variable      local


[31m✘ [41;31m[[41;97mERROR[41;31m][0m [1mInvalid Routes:[0m

  api.rethinkingpark.com/*:
  Wildcard operators (*) are not allowed in Custom Domains
  Paths are not allowed in Custom Domains


🪵  Logs were written to "/home/yun/.config/.wrangler/logs/wrangler-2025-07-19_02-50-31_588.log"
